Flutter crash report; please file at https://github.com/flutter/flutter/issues.

## command

flutter run

## exception

ArgumentError: Invalid argument(s): Invalid locale 'C.UTF-8'

```
#0      Intl._throwLocaleError (package:intl/intl.dart:240)
#1      Intl.verifiedLocale (package:intl/intl.dart:234)
#2      Intl.verifiedLocale (package:intl/intl.dart:219)
#3      new NumberFormat._forPattern (package:intl/src/intl/number_format.dart:494)
#4      new NumberFormat.decimalPattern (package:intl/src/intl/number_format.dart:175)
#5      kMillisecondsFormat (package:flutter_tools/src/base/utils.dart:114)
#6      kMillisecondsFormat (package:flutter_tools/src/base/utils.dart:114)
#7      getElapsedAsMilliseconds (package:flutter_tools/src/base/utils.dart:122)
#8      FlutterCommand.run.<anonymous closure> (package:flutter_tools/src/runner/flutter_command.dart:276)
<asynchronous suspension>
#9      AppContext.run.<anonymous closure> (package:flutter_tools/src/base/context.dart:142)
<asynchronous suspension>
#10     _rootRun (dart:async/zone.dart:1126)
#11     _CustomZone.run (dart:async/zone.dart:1023)
#12     runZoned (dart:async/zone.dart:1501)
#13     AppContext.run (package:flutter_tools/src/base/context.dart:141)
<asynchronous suspension>
#14     FlutterCommand.run (package:flutter_tools/src/runner/flutter_command.dart:261)
#15     CommandRunner.runCommand (package:args/command_runner.dart:194)
<asynchronous suspension>
#16     FlutterCommandRunner.runCommand.<anonymous closure> (package:flutter_tools/src/runner/flutter_command_runner.dart:309)
<asynchronous suspension>
#17     AppContext.run.<anonymous closure> (package:flutter_tools/src/base/context.dart:142)
<asynchronous suspension>
#18     _rootRun (dart:async/zone.dart:1126)
#19     _CustomZone.run (dart:async/zone.dart:1023)
#20     runZoned (dart:async/zone.dart:1501)
#21     AppContext.run (package:flutter_tools/src/base/context.dart:141)
<asynchronous suspension>
#22     FlutterCommandRunner.runCommand (package:flutter_tools/src/runner/flutter_command_runner.dart:265)
<asynchronous suspension>
#23     CommandRunner.run.<anonymous closure> (package:args/command_runner.dart:109)
#24     new Future.sync (dart:async/future.dart:224)
#25     CommandRunner.run (package:args/command_runner.dart:109)
#26     FlutterCommandRunner.run (package:flutter_tools/src/runner/flutter_command_runner.dart:174)
#27     run.<anonymous closure> (package:flutter_tools/runner.dart:54)
<asynchronous suspension>
#28     AppContext.run.<anonymous closure> (package:flutter_tools/src/base/context.dart:142)
<asynchronous suspension>
#29     _rootRun (dart:async/zone.dart:1126)
#30     _CustomZone.run (dart:async/zone.dart:1023)
#31     runZoned (dart:async/zone.dart:1501)
#32     AppContext.run (package:flutter_tools/src/base/context.dart:141)
<asynchronous suspension>
#33     runInContext (package:flutter_tools/src/context_runner.dart:41)
<asynchronous suspension>
#34     run (package:flutter_tools/runner.dart:49)
#35     main (package:flutter_tools/executable.dart:48)
<asynchronous suspension>
#36     main (file:///b/build/slave/Linux_Flutter_Packaging/build/archive/flutter/packages/flutter_tools/bin/flutter_tools.dart:8)
#37     _startIsolate.<anonymous closure> (dart:isolate-patch/dart:isolate/isolate_patch.dart:277)
#38     _RawReceivePortImpl._handleMessage (dart:isolate-patch/dart:isolate/isolate_patch.dart:165)
```

## flutter doctor

```
[✓] Flutter (Channel beta, v0.3.2, on Linux, locale C.UTF-8)
    • Flutter version 0.3.2 at /root/flutter
    • Framework revision 44b7e7d3f4 (5 weeks ago), 2018-04-20 01:02:44 -0700
    • Engine revision 09d05a3891
    • Dart version 2.0.0-dev.48.0.flutter-fe606f890b

[✓] Android toolchain - develop for Android devices (Android SDK 27.0.3)
    • Android SDK at /root/Android/Sdk
    • Android NDK location not configured (optional; useful for native profiling support)
    • Platform android-27, build-tools 27.0.3
    • Java binary at: /opt/android-studio/jre/bin/java
    • Java version OpenJDK Runtime Environment (build 1.8.0_152-release-1024-b01)
    • All Android licenses accepted.

[✓] Android Studio (version 3.1)
    • Android Studio at /opt/android-studio
    • Flutter plugin version 24.2.1
    • Dart plugin version 173.4700
    • Java version OpenJDK Runtime Environment (build 1.8.0_152-release-1024-b01)

[✓] Connected devices (1 available)
    • Pixel 2 XL • 709KPTM0083673 • android-arm64 • Android 8.1.0 (API 27)

• No issues found!
```
